[INFO ] 2023-10-12 08:25:23.896 [main] UserDaoTest - com.glynisf.test.util.Database@395f52ed
[INFO ] 2023-10-12 08:25:24.026 [main] UserDaoTest - null
[INFO ] 2023-10-12 08:25:24.047 [main] UserDaoTest - com.glynisf.test.util.Database@395f52ed
[DEBUG] 2023-10-12 08:25:24.049 [main] UserDao - Searching for: gcadagfisher@madisoncollege.edu
[DEBUG] 2023-10-12 08:25:24.166 [main] UserDao - Searching for: gcadagfisher@madisoncollege.edu
[INFO ] 2023-10-12 08:25:24.193 [main] UserDaoTest - com.glynisf.test.util.Database@395f52ed
[INFO ] 2023-10-12 08:25:24.215 [main] UserDaoTest - User{password='supersecret3', firstName='chupi', lastName='Curry', userName='bcurry', dateOfBirth=1947-11-11, email='bcurry@email.com', gender='NB', id=3}
[INFO ] 2023-10-12 08:25:24.230 [main] UserDaoTest - User{password='supersecret3', firstName='chupi', lastName='Curry', userName='bcurry', dateOfBirth=1947-11-11, email='bcurry@email.com', gender='NB', id=3}
[INFO ] 2023-10-12 08:25:24.253 [main] UserDaoTest - com.glynisf.test.util.Database@395f52ed
[DEBUG] 2023-10-12 08:25:24.253 [main] UserDao - Searching for: tillman
[DEBUG] 2023-10-12 08:25:24.265 [main] UserDao - Searching for: tillman
[INFO ] 2023-10-12 08:25:24.288 [main] UserDaoTest - com.glynisf.test.util.Database@395f52ed
[INFO ] 2023-10-12 08:25:24.313 [main] UserDaoTest - com.glynisf.test.util.Database@395f52ed
[DEBUG] 2023-10-12 08:25:24.313 [main] UserDao - Searching for: Glynis
[INFO ] 2023-10-12 08:25:24.318 [main] UserDaoTest - []
[DEBUG] 2023-10-12 08:25:24.318 [main] UserDao - Searching for: Glynis
[INFO ] 2023-10-12 08:25:24.339 [main] UserDaoTest - com.glynisf.test.util.Database@395f52ed
[INFO ] 2023-10-12 08:25:24.367 [main] UserDaoTest - com.glynisf.test.util.Database@395f52ed
[INFO ] 2023-10-12 08:25:24.388 [main] UserDaoTest - User{password='wahoo11', firstName='Glynis', lastName='Fisher', userName='gfisher', dateOfBirth=1992-08-11, email='gcadagfisher@email.com', gender='F', id=232}
[INFO ] 2023-10-12 08:27:33.007 [main] UserDaoTest - com.glynisf.test.util.Database@250d440
[INFO ] 2023-10-12 08:27:33.135 [main] UserDaoTest - null
[INFO ] 2023-10-12 08:27:33.155 [main] UserDaoTest - com.glynisf.test.util.Database@250d440
[DEBUG] 2023-10-12 08:27:33.155 [main] UserDao - Searching for: gcadagfisher@madisoncollege.edu
[DEBUG] 2023-10-12 08:27:33.272 [main] UserDao - Searching for: gcadagfisher@madisoncollege.edu
[INFO ] 2023-10-12 08:27:33.298 [main] UserDaoTest - com.glynisf.test.util.Database@250d440
[INFO ] 2023-10-12 08:27:33.318 [main] UserDaoTest - User{password='supersecret3', firstName='chupi', lastName='Curry', userName='bcurry', dateOfBirth=1947-11-11, email='bcurry@email.com', gender='NB', id=3}
[INFO ] 2023-10-12 08:27:33.332 [main] UserDaoTest - User{password='supersecret3', firstName='chupi', lastName='Curry', userName='bcurry', dateOfBirth=1947-11-11, email='bcurry@email.com', gender='NB', id=3}
[INFO ] 2023-10-12 08:27:33.356 [main] UserDaoTest - com.glynisf.test.util.Database@250d440
[DEBUG] 2023-10-12 08:27:33.357 [main] UserDao - Searching for: tillman
[DEBUG] 2023-10-12 08:27:33.369 [main] UserDao - Searching for: tillman
[INFO ] 2023-10-12 08:27:33.390 [main] UserDaoTest - com.glynisf.test.util.Database@250d440
[INFO ] 2023-10-12 08:27:33.411 [main] UserDaoTest - com.glynisf.test.util.Database@250d440
[DEBUG] 2023-10-12 08:27:33.412 [main] UserDao - Searching for: Glynis
[INFO ] 2023-10-12 08:27:33.415 [main] UserDaoTest - []
[DEBUG] 2023-10-12 08:27:33.415 [main] UserDao - Searching for: Glynis
[INFO ] 2023-10-12 08:27:33.435 [main] UserDaoTest - com.glynisf.test.util.Database@250d440
[INFO ] 2023-10-12 08:27:33.465 [main] UserDaoTest - com.glynisf.test.util.Database@250d440
[INFO ] 2023-10-12 08:27:33.487 [main] UserDaoTest - User{password='wahoo11', firstName='Glynis', lastName='Fisher', userName='gfisher', dateOfBirth=1992-08-11, email='gcadagfisher@email.com', gender='F', id=233}
[INFO ] 2023-10-12 08:31:56.805 [main] UserDaoTest - com.glynisf.test.util.Database@250d440
[INFO ] 2023-10-12 08:31:56.935 [main] UserDaoTest - null
[INFO ] 2023-10-12 08:31:56.954 [main] UserDaoTest - com.glynisf.test.util.Database@250d440
[DEBUG] 2023-10-12 08:31:56.954 [main] UserDao - Searching for: gcadagfisher@madisoncollege.edu
[DEBUG] 2023-10-12 08:31:57.070 [main] UserDao - Searching for: gcadagfisher@madisoncollege.edu
[INFO ] 2023-10-12 08:31:57.096 [main] UserDaoTest - com.glynisf.test.util.Database@250d440
[INFO ] 2023-10-12 08:31:57.118 [main] UserDaoTest - User{password='supersecret3', firstName='chupi', lastName='Curry', userName='bcurry', dateOfBirth=1947-11-11, email='bcurry@email.com', gender='NB', id=3}
[INFO ] 2023-10-12 08:31:57.133 [main] UserDaoTest - User{password='supersecret3', firstName='chupi', lastName='Curry', userName='bcurry', dateOfBirth=1947-11-11, email='bcurry@email.com', gender='NB', id=3}
[INFO ] 2023-10-12 08:31:57.160 [main] UserDaoTest - com.glynisf.test.util.Database@250d440
[DEBUG] 2023-10-12 08:31:57.160 [main] UserDao - Searching for: tillman
[DEBUG] 2023-10-12 08:31:57.170 [main] UserDao - Searching for: tillman
[INFO ] 2023-10-12 08:31:57.199 [main] UserDaoTest - com.glynisf.test.util.Database@250d440
[INFO ] 2023-10-12 08:31:57.222 [main] UserDaoTest - com.glynisf.test.util.Database@250d440
[DEBUG] 2023-10-12 08:31:57.222 [main] UserDao - Searching for: Glynis
[INFO ] 2023-10-12 08:31:57.227 [main] UserDaoTest - []
[DEBUG] 2023-10-12 08:31:57.227 [main] UserDao - Searching for: Glynis
[INFO ] 2023-10-12 08:31:57.248 [main] UserDaoTest - com.glynisf.test.util.Database@250d440
[INFO ] 2023-10-12 08:31:57.278 [main] UserDaoTest - com.glynisf.test.util.Database@250d440
[INFO ] 2023-10-12 08:31:57.298 [main] UserDaoTest - User{password='wahoo11', firstName='Glynis', lastName='Fisher', userName='gfisher', dateOfBirth=1992-08-11, email='gcadagfisher@email.com', gender='F', id=234}
[INFO ] 2023-10-12 08:34:38.311 [main] UserDaoTest - com.glynisf.test.util.Database@250d440
[INFO ] 2023-10-12 08:34:38.448 [main] UserDaoTest - null
[INFO ] 2023-10-12 08:34:38.470 [main] UserDaoTest - com.glynisf.test.util.Database@250d440
[DEBUG] 2023-10-12 08:34:38.470 [main] UserDao - Searching for: gcadagfisher@madisoncollege.edu
[DEBUG] 2023-10-12 08:34:38.581 [main] UserDao - Searching for: gcadagfisher@madisoncollege.edu
[INFO ] 2023-10-12 08:34:38.606 [main] UserDaoTest - com.glynisf.test.util.Database@250d440
[INFO ] 2023-10-12 08:34:38.627 [main] UserDaoTest - User{password='supersecret3', firstName='chupi', lastName='Curry', userName='bcurry', dateOfBirth=1947-11-11, email='bcurry@email.com', gender='NB', id=3}
[INFO ] 2023-10-12 08:34:38.639 [main] UserDaoTest - User{password='supersecret3', firstName='chupi', lastName='Curry', userName='bcurry', dateOfBirth=1947-11-11, email='bcurry@email.com', gender='NB', id=3}
[INFO ] 2023-10-12 08:34:38.662 [main] UserDaoTest - com.glynisf.test.util.Database@250d440
[DEBUG] 2023-10-12 08:34:38.663 [main] UserDao - Searching for: tillman
[DEBUG] 2023-10-12 08:34:38.673 [main] UserDao - Searching for: tillman
[INFO ] 2023-10-12 08:34:38.699 [main] UserDaoTest - com.glynisf.test.util.Database@250d440
[INFO ] 2023-10-12 08:34:38.721 [main] UserDaoTest - com.glynisf.test.util.Database@250d440
[DEBUG] 2023-10-12 08:34:38.721 [main] UserDao - Searching for: Glynis
[INFO ] 2023-10-12 08:34:38.725 [main] UserDaoTest - []
[DEBUG] 2023-10-12 08:34:38.725 [main] UserDao - Searching for: Glynis
[INFO ] 2023-10-12 08:34:38.750 [main] UserDaoTest - com.glynisf.test.util.Database@250d440
[INFO ] 2023-10-12 08:34:38.778 [main] UserDaoTest - com.glynisf.test.util.Database@250d440
[INFO ] 2023-10-12 08:34:38.799 [main] UserDaoTest - User{password='wahoo11', firstName='Glynis', lastName='Fisher', userName='gfisher', dateOfBirth=1992-08-11, email='gcadagfisher@email.com', gender='F', id=235}
